C51 COMPILER V9.60.0.0   MAIN                                                              08/13/2021 22:51:24 PAGE 1   


C51 COMPILER V9.60.0.0, COMPILATION OF MODULE MAIN
OBJECT MODULE PLACED IN .\Objects\main.obj
COMPILER INVOKED BY: C:\Keil_v5\C51\BIN\C51.EXE main.c OPTIMIZE(8,SPEED) BROWSE DEBUG OBJECTEXTEND PRINT(.\Listings\main
                    -.lst) TABS(2) OBJECT(.\Objects\main.obj)

line level    source

   1          #include <REGX52.H>
   2          #include "IrReceive.h"
   3          #include "stdio.h"
   4          
   5          void UartInit(void)   //初始化波特率为9600
   6          {
   7   1          SCON=0x50;  
   8   1          TMOD=0x20;
   9   1          TCON=0x40;
  10   1          TH1=0xfd;
  11   1          TI=1;
  12   1          TR1=1;
  13   1      }
  14          /*
  15           void delay(unsigned int k) 
  16          {           
  17            unsigned int i,j;       
  18            for(i=0;i<k;i++)
  19            {     
  20              for(j=0;j<121;j++);
  21            }           
  22          }
  23          */
  24          void main(void)
  25          {
  26   1      //  unsigned char buf[6]
  27   1        IR_Init();
  28   1        UartInit();
  29   1        P1_2=1;
  30   1        while(1)
  31   1        {
  32   2          
  33   2        /*  
  34   2          
  35   2          //if(17664==IR_Get_KeyValue()){
  36   2            printf("%c",IrValue[2]);
  37   2          if('E'==IrValue[2] || 'F'==IrValue[2] || 'G'==IrValue[2]){
  38   2            printf("1234");
  39   2            delay(500);
  40   2            IrValue[2]='0';
  41   2          }
  42   2          else if('D'==IrValue[2] || '@'==IrValue[2] || 'C'==IrValue[2]){
  43   2            printf("5678");
  44   2            delay(500);
  45   2            IrValue[2]='0';
  46   2          }
  47   2            
  48   2          */
  49   2          }
  50   1          //rm_KeyValue();
  51   1        }


MODULE INFORMATION:   STATIC OVERLAYABLE
C51 COMPILER V9.60.0.0   MAIN                                                              08/13/2021 22:51:24 PAGE 2   

   CODE SIZE        =     27    ----
   CONSTANT SIZE    =   ----    ----
   XDATA SIZE       =   ----    ----
   PDATA SIZE       =   ----    ----
   DATA SIZE        =   ----    ----
   IDATA SIZE       =   ----    ----
   BIT SIZE         =   ----    ----
END OF MODULE INFORMATION.


C51 COMPILATION COMPLETE.  0 WARNING(S),  0 ERROR(S)
